2025-03-13 17:24:17,033 - JSPGymEnvironment - INFO - Environment reset
2025-03-13 17:24:17,527 - JSPGymEnvironment - INFO - Environment reset
2025-03-13 17:24:17,534 - JSPGymEnvironment - INFO - Material change on machine M1:  -> Racebike_Hauptrahmen_zugeschnitten, setup time: 0
2025-03-13 17:24:17,534 - JSPGymEnvironment - INFO - Executed operation: Job J3, Op 0, Machine M1, Start: 0.0, End: 16.0, Setup: 0
2025-03-13 17:24:17,537 - JSPGymEnvironment - INFO - Material change on machine M1: Racebike_Hauptrahmen_zugeschnitten -> E-Bike_Hauptrahmen_zugeschnitten, setup time: 40
2025-03-13 17:24:17,537 - JSPGymEnvironment - INFO - Executed operation: Job J6, Op 0, Machine M1, Start: 56.0, End: 86.0, Setup: 40
2025-03-13 17:24:17,544 - JSPGymEnvironment - INFO - Material change on machine M1: E-Bike_Hauptrahmen_zugeschnitten -> Citybike_Hauptrahmen_zugeschnitten, setup time: 40
2025-03-13 17:24:17,544 - JSPGymEnvironment - INFO - Executed operation: Job J4, Op 0, Machine M1, Start: 126.0, End: 163.0, Setup: 40
2025-03-13 17:24:17,548 - JSPGymEnvironment - INFO - Executed operation: Job J1, Op 0, Machine M1, Start: 188.0, End: 203.0, Setup: 25
2025-03-13 17:24:17,551 - JSPGymEnvironment - INFO - Material change on machine M1: Citybike_Hauptrahmen_zugeschnitten -> Racebike_Hauptrahmen_zugeschnitten, setup time: 40
2025-03-13 17:24:17,551 - JSPGymEnvironment - INFO - Executed operation: Job J10, Op 0, Machine M1, Start: 243.0, End: 279.0, Setup: 40
2025-03-13 17:24:17,554 - JSPGymEnvironment - INFO - Material change on machine M2:  -> Racebike_Schaltauge_bearbeitet, setup time: 0
2025-03-13 17:24:17,554 - JSPGymEnvironment - INFO - Executed operation: Job J10, Op 1, Machine M2, Start: 279.0, End: 300.0, Setup: 0
2025-03-13 17:24:17,561 - JSPGymEnvironment - INFO - Material change on machine M1: Racebike_Hauptrahmen_zugeschnitten -> Mountainbike_Hauptrahmen_zugeschnitten, setup time: 40
2025-03-13 17:24:17,561 - JSPGymEnvironment - INFO - Executed operation: Job J9, Op 0, Machine M1, Start: 340.0, End: 381.0, Setup: 40
2025-03-13 17:24:17,564 - JSPGymEnvironment - INFO - Material change on machine M2: Racebike_Schaltauge_bearbeitet -> Citybike_Schaltauge_bearbeitet, setup time: 20
2025-03-13 17:24:17,564 - JSPGymEnvironment - INFO - Executed operation: Job J1, Op 1, Machine M2, Start: 401.0, End: 427.0, Setup: 20
2025-03-13 17:24:17,568 - JSPGymEnvironment - INFO - Executed operation: Job J7, Op 0, Machine M1, Start: 452.0, End: 482.0, Setup: 25
2025-03-13 17:24:17,575 - JSPGymEnvironment - INFO - Material change on machine M1: Mountainbike_Hauptrahmen_zugeschnitten -> Racebike_Hauptrahmen_zugeschnitten, setup time: 40
2025-03-13 17:24:17,575 - JSPGymEnvironment - INFO - Executed operation: Job J8, Op 0, Machine M1, Start: 522.0, End: 542.0, Setup: 40
2025-03-13 17:24:17,578 - JSPGymEnvironment - INFO - Material change on machine M2: Citybike_Schaltauge_bearbeitet -> Racebike_Schaltauge_bearbeitet, setup time: 20
2025-03-13 17:24:17,578 - JSPGymEnvironment - INFO - Executed operation: Job J3, Op 1, Machine M2, Start: 562.0, End: 586.0, Setup: 20
2025-03-13 17:24:17,581 - JSPGymEnvironment - INFO - Material change on machine M2: Racebike_Schaltauge_bearbeitet -> Mountainbike_Schaltauge_bearbeitet, setup time: 20
2025-03-13 17:24:17,581 - JSPGymEnvironment - INFO - Executed operation: Job J9, Op 1, Machine M2, Start: 606.0, End: 620.0, Setup: 20
2025-03-13 17:24:17,585 - JSPGymEnvironment - INFO - Material change on machine M2: Mountainbike_Schaltauge_bearbeitet -> Racebike_Schaltauge_bearbeitet, setup time: 20
2025-03-13 17:24:17,585 - JSPGymEnvironment - INFO - Executed operation: Job J8, Op 1, Machine M2, Start: 640.0, End: 656.0, Setup: 20
2025-03-13 17:24:17,588 - JSPGymEnvironment - INFO - Executed operation: Job J2, Op 0, Machine M1, Start: 681.0, End: 720.0, Setup: 25
2025-03-13 17:24:17,591 - JSPGymEnvironment - INFO - Material change on machine M3:  -> Racebike_Antrieb_installiert, setup time: 0
2025-03-13 17:24:17,591 - JSPGymEnvironment - INFO - Executed operation: Job J8, Op 2, Machine M3, Start: 720.0, End: 741.0, Setup: 0
2025-03-13 17:24:17,594 - JSPGymEnvironment - INFO - Material change on machine M3: Racebike_Antrieb_installiert -> Racebike_Bremsen_justiert, setup time: 15
2025-03-13 17:24:17,594 - JSPGymEnvironment - INFO - Executed operation: Job J8, Op 3, Machine M3, Start: 756.0, End: 797.0, Setup: 15
2025-03-13 17:24:17,601 - JSPGymEnvironment - INFO - Executed operation: Job J2, Op 1, Machine M2, Start: 812.0, End: 825.0, Setup: 15
2025-03-13 17:24:17,607 - JSPGymEnvironment - INFO - Material change on machine M1: Racebike_Hauptrahmen_zugeschnitten -> Mountainbike_Hauptrahmen_zugeschnitten, setup time: 40
2025-03-13 17:24:17,607 - JSPGymEnvironment - INFO - Executed operation: Job J5, Op 0, Machine M1, Start: 865.0, End: 895.0, Setup: 40
2025-03-13 17:24:17,610 - JSPGymEnvironment - INFO - Material change on machine M2: Racebike_Schaltauge_bearbeitet -> Citybike_Schaltauge_bearbeitet, setup time: 20
2025-03-13 17:24:17,610 - JSPGymEnvironment - INFO - Executed operation: Job J4, Op 1, Machine M2, Start: 915.0, End: 935.0, Setup: 20
2025-03-13 17:24:17,613 - JSPGymEnvironment - INFO - Material change on machine M3: Racebike_Bremsen_justiert -> Racebike_Fahrrad_endmontiert, setup time: 15
2025-03-13 17:24:17,613 - JSPGymEnvironment - INFO - Executed operation: Job J8, Op 4, Machine M3, Start: 950.0, End: 1003.0, Setup: 15
2025-03-13 17:24:17,616 - JSPGymEnvironment - INFO - Material change on machine M2: Citybike_Schaltauge_bearbeitet -> Mountainbike_Schaltauge_bearbeitet, setup time: 20
2025-03-13 17:24:17,616 - JSPGymEnvironment - INFO - Executed operation: Job J5, Op 1, Machine M2, Start: 1023.0, End: 1052.0, Setup: 20
2025-03-13 17:24:17,623 - JSPGymEnvironment - INFO - Material change on machine M3: Racebike_Fahrrad_endmontiert -> Racebike_Antrieb_installiert, setup time: 15
2025-03-13 17:24:17,623 - JSPGymEnvironment - INFO - Executed operation: Job J2, Op 2, Machine M3, Start: 1067.0, End: 1097.0, Setup: 15
2025-03-13 17:24:17,629 - JSPGymEnvironment - INFO - Material change on machine M3: Racebike_Antrieb_installiert -> Citybike_Antrieb_installiert, setup time: 15
2025-03-13 17:24:17,629 - JSPGymEnvironment - INFO - Executed operation: Job J1, Op 2, Machine M3, Start: 1112.0, End: 1139.0, Setup: 15
2025-03-13 17:24:17,635 - JSPGymEnvironment - INFO - Material change on machine M3: Citybike_Antrieb_installiert -> Racebike_Fahrrad_endmontiert, setup time: 15
2025-03-13 17:24:17,635 - JSPGymEnvironment - INFO - Executed operation: Job J8, Op 5, Machine M3, Start: 1154.0, End: 1196.0, Setup: 15
2025-03-13 17:24:17,641 - JSPGymEnvironment - INFO - Material change on machine M3: Racebike_Fahrrad_endmontiert -> Racebike_Antrieb_installiert, setup time: 15
2025-03-13 17:24:17,641 - JSPGymEnvironment - INFO - Executed operation: Job J3, Op 2, Machine M3, Start: 1211.0, End: 1257.0, Setup: 15
2025-03-13 17:24:17,644 - JSPGymEnvironment - INFO - Material change on machine M3: Racebike_Antrieb_installiert -> Citybike_Bremsen_justiert, setup time: 15
2025-03-13 17:24:17,644 - JSPGymEnvironment - INFO - Executed operation: Job J1, Op 3, Machine M3, Start: 1272.0, End: 1297.0, Setup: 15
2025-03-13 17:24:17,651 - JSPGymEnvironment - INFO - Material change on machine M3: Citybike_Bremsen_justiert -> Citybike_Fahrrad_endmontiert, setup time: 15
2025-03-13 17:24:17,651 - JSPGymEnvironment - INFO - Executed operation: Job J1, Op 4, Machine M3, Start: 1312.0, End: 1367.0, Setup: 15
2025-03-13 17:24:17,657 - JSPGymEnvironment - INFO - Material change on machine M2: Mountainbike_Schaltauge_bearbeitet -> E-Bike_Schaltauge_bearbeitet, setup time: 20
2025-03-13 17:24:17,657 - JSPGymEnvironment - INFO - Executed operation: Job J6, Op 1, Machine M2, Start: 1387.0, End: 1405.0, Setup: 20
2025-03-13 17:24:17,663 - JSPGymEnvironment - INFO - Material change on machine M3: Citybike_Fahrrad_endmontiert -> Racebike_Antrieb_installiert, setup time: 15
2025-03-13 17:24:17,663 - JSPGymEnvironment - INFO - Executed operation: Job J10, Op 2, Machine M3, Start: 1420.0, End: 1445.0, Setup: 15
2025-03-13 17:24:17,669 - JSPGymEnvironment - INFO - Material change on machine M3: Racebike_Antrieb_installiert -> Citybike_Fahrrad_endmontiert, setup time: 15
2025-03-13 17:24:17,669 - JSPGymEnvironment - INFO - Executed operation: Job J1, Op 5, Machine M3, Start: 1460.0, End: 1518.0, Setup: 15
2025-03-13 17:24:17,676 - JSPGymEnvironment - INFO - Material change on machine M2: E-Bike_Schaltauge_bearbeitet -> Racebike_Fahrrad_endmontiert, setup time: 20
2025-03-13 17:24:17,676 - JSPGymEnvironment - INFO - Executed operation: Job J8, Op 6, Machine M2, Start: 1538.0, End: 1568.0, Setup: 20
2025-03-13 17:24:17,676 - JSPGymEnvironment - INFO - Job J8 completed at time 1568.0, deadline: 2809, met: True, priority: 7
2025-03-13 17:24:17,683 - JSPGymEnvironment - INFO - Material change on machine M2: Racebike_Fahrrad_endmontiert -> Racebike_Bremsaufnahme_gebohrt, setup time: 20
2025-03-13 17:24:17,683 - JSPGymEnvironment - INFO - Executed operation: Job J2, Op 3, Machine M2, Start: 1588.0, End: 1603.0, Setup: 20
2025-03-13 17:24:17,689 - JSPGymEnvironment - INFO - Material change on machine M3: Citybike_Fahrrad_endmontiert -> Citybike_Antrieb_installiert, setup time: 15
2025-03-13 17:24:17,690 - JSPGymEnvironment - INFO - Executed operation: Job J4, Op 2, Machine M3, Start: 1618.0, End: 1669.0, Setup: 15
2025-03-13 17:24:17,696 - JSPGymEnvironment - INFO - Material change on machine M2: Racebike_Bremsaufnahme_gebohrt -> Mountainbike_Schaltauge_bearbeitet, setup time: 20
2025-03-13 17:24:17,696 - JSPGymEnvironment - INFO - Executed operation: Job J7, Op 1, Machine M2, Start: 1689.0, End: 1713.0, Setup: 20
2025-03-13 17:24:17,703 - JSPGymEnvironment - INFO - Material change on machine M3: Citybike_Antrieb_installiert -> Racebike_Bremsen_justiert, setup time: 15
2025-03-13 17:24:17,704 - JSPGymEnvironment - INFO - Executed operation: Job J3, Op 3, Machine M3, Start: 1728.0, End: 1778.0, Setup: 15
2025-03-13 17:24:17,710 - JSPGymEnvironment - INFO - Material change on machine M3: Racebike_Bremsen_justiert -> Mountainbike_Antrieb_installiert, setup time: 15
2025-03-13 17:24:17,710 - JSPGymEnvironment - INFO - Executed operation: Job J5, Op 2, Machine M3, Start: 1793.0, End: 1813.0, Setup: 15
2025-03-13 17:24:17,714 - JSPGymEnvironment - INFO - Material change on machine M3: Mountainbike_Antrieb_installiert -> Racebike_Bremsen_justiert, setup time: 15
2025-03-13 17:24:17,714 - JSPGymEnvironment - INFO - Executed operation: Job J10, Op 3, Machine M3, Start: 1828.0, End: 1872.0, Setup: 15
2025-03-13 17:24:17,720 - JSPGymEnvironment - INFO - Material change on machine M3: Racebike_Bremsen_justiert -> E-Bike_Antrieb_installiert, setup time: 15
2025-03-13 17:24:17,720 - JSPGymEnvironment - INFO - Executed operation: Job J6, Op 2, Machine M3, Start: 1887.0, End: 1946.0, Setup: 15
2025-03-13 17:24:17,727 - JSPGymEnvironment - INFO - Material change on machine M2: Mountainbike_Schaltauge_bearbeitet -> Racebike_Rahmen_nachbearbeitet, setup time: 20
2025-03-13 17:24:17,727 - JSPGymEnvironment - INFO - Executed operation: Job J10, Op 4, Machine M2, Start: 1966.0, End: 1979.0, Setup: 20
2025-03-13 17:24:17,733 - JSPGymEnvironment - INFO - Material change on machine M3: E-Bike_Antrieb_installiert -> Mountainbike_Antrieb_installiert, setup time: 15
2025-03-13 17:24:17,733 - JSPGymEnvironment - INFO - Executed operation: Job J7, Op 2, Machine M3, Start: 1994.0, End: 2015.0, Setup: 15
2025-03-13 17:24:17,740 - JSPGymEnvironment - INFO - Executed operation: Job J2, Op 4, Machine M2, Start: 2030.0, End: 2044.0, Setup: 15
2025-03-13 17:24:17,746 - JSPGymEnvironment - INFO - Executed operation: Job J9, Op 2, Machine M3, Start: 2054.0, End: 2113.0, Setup: 10
2025-03-13 17:24:17,749 - JSPGymEnvironment - INFO - Material change on machine M3: Mountainbike_Antrieb_installiert -> Racebike_Fahrrad_endmontiert, setup time: 15
2025-03-13 17:24:17,749 - JSPGymEnvironment - INFO - Executed operation: Job J10, Op 5, Machine M3, Start: 2128.0, End: 2158.0, Setup: 15
2025-03-13 17:24:17,753 - JSPGymEnvironment - INFO - Material change on machine M3: Racebike_Fahrrad_endmontiert -> Mountainbike_Bremsen_justiert, setup time: 15
2025-03-13 17:24:17,753 - JSPGymEnvironment - INFO - Executed operation: Job J9, Op 3, Machine M3, Start: 2173.0, End: 2213.0, Setup: 15
2025-03-13 17:24:17,756 - JSPGymEnvironment - INFO - Material change on machine M2: Racebike_Rahmen_nachbearbeitet -> Citybike_Bremsaufnahme_gebohrt, setup time: 20
2025-03-13 17:24:17,756 - JSPGymEnvironment - INFO - Executed operation: Job J4, Op 3, Machine M2, Start: 2233.0, End: 2252.0, Setup: 20
2025-03-13 17:24:17,760 - JSPGymEnvironment - INFO - Material change on machine M3: Mountainbike_Bremsen_justiert -> Citybike_Fahrrad_endmontiert, setup time: 15
2025-03-13 17:24:17,760 - JSPGymEnvironment - INFO - Executed operation: Job J4, Op 4, Machine M3, Start: 2267.0, End: 2319.0, Setup: 15
2025-03-13 17:24:17,761 - JSPGymEnvironment - INFO - Job J4 completed at time 2319.0, deadline: 2880, met: True, priority: 2
2025-03-13 17:24:17,767 - JSPGymEnvironment - INFO - Material change on machine M2: Citybike_Bremsaufnahme_gebohrt -> Racebike_Fahrrad_endmontiert, setup time: 20
2025-03-13 17:24:17,767 - JSPGymEnvironment - INFO - Executed operation: Job J3, Op 4, Machine M2, Start: 2339.0, End: 2354.0, Setup: 20
2025-03-13 17:24:17,767 - JSPGymEnvironment - INFO - Job J3 completed at time 2354.0, deadline: 2697, met: True, priority: 8
2025-03-13 17:24:17,775 - JSPGymEnvironment - INFO - Material change on machine M3: Citybike_Fahrrad_endmontiert -> Mountainbike_Bremsen_justiert, setup time: 15
2025-03-13 17:24:17,775 - JSPGymEnvironment - INFO - Executed operation: Job J5, Op 3, Machine M3, Start: 2369.0, End: 2425.0, Setup: 15
2025-03-13 17:24:17,779 - JSPGymEnvironment - INFO - Material change on machine M2: Racebike_Fahrrad_endmontiert -> Racebike_Rahmen_nachbearbeitet, setup time: 20
2025-03-13 17:24:17,779 - JSPGymEnvironment - INFO - Executed operation: Job J10, Op 6, Machine M2, Start: 2445.0, End: 2471.0, Setup: 20
2025-03-13 17:24:17,785 - JSPGymEnvironment - INFO - Material change on machine M3: Mountainbike_Bremsen_justiert -> Racebike_Fahrrad_endmontiert, setup time: 15
2025-03-13 17:24:17,785 - JSPGymEnvironment - INFO - Executed operation: Job J2, Op 5, Machine M3, Start: 2486.0, End: 2521.0, Setup: 15
2025-03-13 17:24:17,791 - JSPGymEnvironment - INFO - Material change on machine M2: Racebike_Rahmen_nachbearbeitet -> E-Bike_Bremsaufnahme_gebohrt, setup time: 20
2025-03-13 17:24:17,791 - JSPGymEnvironment - INFO - Executed operation: Job J6, Op 3, Machine M2, Start: 2541.0, End: 2557.0, Setup: 20
2025-03-13 17:24:17,798 - JSPGymEnvironment - INFO - Material change on machine M2: E-Bike_Bremsaufnahme_gebohrt -> Mountainbike_Rahmen_nachbearbeitet, setup time: 20
2025-03-13 17:24:17,798 - JSPGymEnvironment - INFO - Executed operation: Job J5, Op 4, Machine M2, Start: 2577.0, End: 2587.0, Setup: 20
2025-03-13 17:24:17,801 - JSPGymEnvironment - INFO - Material change on machine M2: Mountainbike_Rahmen_nachbearbeitet -> E-Bike_Rahmen_nachbearbeitet, setup time: 20
2025-03-13 17:24:17,801 - JSPGymEnvironment - INFO - Executed operation: Job J6, Op 4, Machine M2, Start: 2607.0, End: 2636.0, Setup: 20
2025-03-13 17:24:17,805 - JSPGymEnvironment - INFO - Material change on machine M3: Racebike_Fahrrad_endmontiert -> Mountainbike_Fahrrad_endmontiert, setup time: 15
2025-03-13 17:24:17,805 - JSPGymEnvironment - INFO - Executed operation: Job J9, Op 4, Machine M3, Start: 2651.0, End: 2691.0, Setup: 15
2025-03-13 17:24:17,809 - JSPGymEnvironment - INFO - Material change on machine M2: E-Bike_Rahmen_nachbearbeitet -> Mountainbike_Rahmen_nachbearbeitet, setup time: 20
2025-03-13 17:24:17,809 - JSPGymEnvironment - INFO - Executed operation: Job J5, Op 5, Machine M2, Start: 2711.0, End: 2724.0, Setup: 20
2025-03-13 17:24:17,812 - JSPGymEnvironment - INFO - Material change on machine M2: Mountainbike_Rahmen_nachbearbeitet -> Mountainbike_Bremsaufnahme_gebohrt, setup time: 20
2025-03-13 17:24:17,813 - JSPGymEnvironment - INFO - Executed operation: Job J7, Op 3, Machine M2, Start: 2744.0, End: 2760.0, Setup: 20
2025-03-13 17:24:17,819 - JSPGymEnvironment - INFO - Material change on machine M2: Mountainbike_Bremsaufnahme_gebohrt -> Mountainbike_Fahrrad_endmontiert, setup time: 20
2025-03-13 17:24:17,819 - JSPGymEnvironment - INFO - Executed operation: Job J9, Op 5, Machine M2, Start: 2780.0, End: 2791.0, Setup: 20
2025-03-13 17:24:17,819 - JSPGymEnvironment - INFO - Job J9 completed at time 2791.0, deadline: 2880, met: True, priority: 4
2025-03-13 17:24:17,826 - JSPGymEnvironment - INFO - Material change on machine M2: Mountainbike_Fahrrad_endmontiert -> Citybike_Rahmen_nachbearbeitet, setup time: 20
2025-03-13 17:24:17,826 - JSPGymEnvironment - INFO - Executed operation: Job J1, Op 6, Machine M2, Start: 2811.0, End: 2831.0, Setup: 20
2025-03-13 17:24:17,832 - JSPGymEnvironment - INFO - Executed operation: Job J5, Op 6, Machine M3, Start: 2841.0, End: 2871.0, Setup: 10
2025-03-13 17:24:17,832 - JSPGymEnvironment - INFO - Job J5 completed at time 2871.0, deadline: 2880, met: True, priority: 6
2025-03-13 17:24:17,835 - JSPGymEnvironment - INFO - Material change on machine M3: Mountainbike_Fahrrad_endmontiert -> Citybike_Fahrrad_endmontiert, setup time: 15
2025-03-13 17:24:17,835 - JSPGymEnvironment - INFO - Executed operation: Job J1, Op 7, Machine M3, Start: 2886.0, End: 2929.0, Setup: 15
2025-03-13 17:24:17,835 - JSPGymEnvironment - INFO - Job J1 completed at time 2929.0, deadline: 2880, met: False, priority: 3
2025-03-13 17:24:17,839 - JSPGymEnvironment - INFO - Material change on machine M2: Citybike_Rahmen_nachbearbeitet -> Mountainbike_Fahrrad_endmontiert, setup time: 20
2025-03-13 17:24:17,839 - JSPGymEnvironment - INFO - Executed operation: Job J7, Op 4, Machine M2, Start: 2949.0, End: 2974.0, Setup: 20
2025-03-13 17:24:17,839 - JSPGymEnvironment - INFO - Job J7 completed at time 2974.0, deadline: 2339, met: False, priority: 7
2025-03-13 17:24:17,845 - JSPGymEnvironment - INFO - Material change on machine M2: Mountainbike_Fahrrad_endmontiert -> Racebike_Rahmen_nachbearbeitet, setup time: 20
2025-03-13 17:24:17,845 - JSPGymEnvironment - INFO - Executed operation: Job J2, Op 6, Machine M2, Start: 2994.0, End: 3020.0, Setup: 20
2025-03-13 17:24:17,849 - JSPGymEnvironment - INFO - Material change on machine M3: Citybike_Fahrrad_endmontiert -> Racebike_Fahrrad_endmontiert, setup time: 15
2025-03-13 17:24:17,849 - JSPGymEnvironment - INFO - Executed operation: Job J2, Op 7, Machine M3, Start: 3035.0, End: 3077.0, Setup: 15
2025-03-13 17:24:17,849 - JSPGymEnvironment - INFO - Job J2 completed at time 3077.0, deadline: 2880, met: False, priority: 8
2025-03-13 17:24:17,852 - JSPGymEnvironment - INFO - Executed operation: Job J10, Op 7, Machine M3, Start: 3087.0, End: 3111.0, Setup: 10
2025-03-13 17:24:17,852 - JSPGymEnvironment - INFO - Job J10 completed at time 3111.0, deadline: 2846, met: False, priority: 8
2025-03-13 17:24:17,858 - JSPGymEnvironment - INFO - Material change on machine M3: Racebike_Fahrrad_endmontiert -> E-Bike_Fahrrad_endmontiert, setup time: 15
2025-03-13 17:24:17,858 - JSPGymEnvironment - INFO - Executed operation: Job J6, Op 5, Machine M3, Start: 3126.0, End: 3181.0, Setup: 15
2025-03-13 17:24:17,858 - JSPGymEnvironment - INFO - Job J6 completed at time 3181.0, deadline: 2880, met: False, priority: 7
2025-03-13 17:24:20,802 - JSPGymEnvironment - INFO - Environment reset
2025-03-13 17:24:20,808 - JSPGymEnvironment - INFO - Material change on machine M1:  -> Racebike_Hauptrahmen_zugeschnitten, setup time: 0
2025-03-13 17:24:20,808 - JSPGymEnvironment - INFO - Executed operation: Job J8, Op 0, Machine M1, Start: 0.0, End: 20.0, Setup: 0
2025-03-13 17:24:20,815 - JSPGymEnvironment - INFO - Material change on machine M1: Racebike_Hauptrahmen_zugeschnitten -> Mountainbike_Hauptrahmen_zugeschnitten, setup time: 40
2025-03-13 17:24:20,815 - JSPGymEnvironment - INFO - Executed operation: Job J5, Op 0, Machine M1, Start: 60.0, End: 90.0, Setup: 40
2025-03-13 17:24:20,819 - JSPGymEnvironment - INFO - Material change on machine M2:  -> Racebike_Schaltauge_bearbeitet, setup time: 0
2025-03-13 17:24:20,819 - JSPGymEnvironment - INFO - Executed operation: Job J8, Op 1, Machine M2, Start: 90.0, End: 106.0, Setup: 0
2025-03-13 17:24:20,826 - JSPGymEnvironment - INFO - Material change on machine M1: Mountainbike_Hauptrahmen_zugeschnitten -> E-Bike_Hauptrahmen_zugeschnitten, setup time: 40
2025-03-13 17:24:20,826 - JSPGymEnvironment - INFO - Executed operation: Job J6, Op 0, Machine M1, Start: 146.0, End: 176.0, Setup: 40
2025-03-13 17:24:20,833 - JSPGymEnvironment - INFO - Material change on machine M2: Racebike_Schaltauge_bearbeitet -> Mountainbike_Schaltauge_bearbeitet, setup time: 20
2025-03-13 17:24:20,833 - JSPGymEnvironment - INFO - Executed operation: Job J5, Op 1, Machine M2, Start: 196.0, End: 225.0, Setup: 20
2025-03-13 17:24:20,839 - JSPGymEnvironment - INFO - Material change on machine M1: E-Bike_Hauptrahmen_zugeschnitten -> Citybike_Hauptrahmen_zugeschnitten, setup time: 40
2025-03-13 17:24:20,840 - JSPGymEnvironment - INFO - Executed operation: Job J4, Op 0, Machine M1, Start: 265.0, End: 302.0, Setup: 40
2025-03-13 17:24:20,843 - JSPGymEnvironment - INFO - Material change on machine M1: Citybike_Hauptrahmen_zugeschnitten -> Mountainbike_Hauptrahmen_zugeschnitten, setup time: 40
2025-03-13 17:24:20,843 - JSPGymEnvironment - INFO - Executed operation: Job J7, Op 0, Machine M1, Start: 342.0, End: 372.0, Setup: 40
2025-03-13 17:24:20,846 - JSPGymEnvironment - INFO - Material change on machine M3:  -> Racebike_Antrieb_installiert, setup time: 0
2025-03-13 17:24:20,846 - JSPGymEnvironment - INFO - Executed operation: Job J8, Op 2, Machine M3, Start: 372.0, End: 393.0, Setup: 0
2025-03-13 17:24:20,850 - JSPGymEnvironment - INFO - Material change on machine M3: Racebike_Antrieb_installiert -> Mountainbike_Antrieb_installiert, setup time: 15
2025-03-13 17:24:20,850 - JSPGymEnvironment - INFO - Executed operation: Job J5, Op 2, Machine M3, Start: 408.0, End: 428.0, Setup: 15
2025-03-13 17:24:20,853 - JSPGymEnvironment - INFO - Material change on machine M3: Mountainbike_Antrieb_installiert -> Mountainbike_Bremsen_justiert, setup time: 15
2025-03-13 17:24:20,853 - JSPGymEnvironment - INFO - Executed operation: Job J5, Op 3, Machine M3, Start: 443.0, End: 499.0, Setup: 15
2025-03-13 17:24:20,857 - JSPGymEnvironment - INFO - Executed operation: Job J9, Op 0, Machine M1, Start: 524.0, End: 565.0, Setup: 25
2025-03-13 17:24:20,864 - JSPGymEnvironment - INFO - Material change on machine M2: Mountainbike_Schaltauge_bearbeitet -> E-Bike_Schaltauge_bearbeitet, setup time: 20
2025-03-13 17:24:20,864 - JSPGymEnvironment - INFO - Executed operation: Job J6, Op 1, Machine M2, Start: 585.0, End: 603.0, Setup: 20
2025-03-13 17:24:20,871 - JSPGymEnvironment - INFO - Material change on machine M3: Mountainbike_Bremsen_justiert -> Racebike_Bremsen_justiert, setup time: 15
2025-03-13 17:24:20,871 - JSPGymEnvironment - INFO - Executed operation: Job J8, Op 3, Machine M3, Start: 618.0, End: 659.0, Setup: 15
2025-03-13 17:24:20,874 - JSPGymEnvironment - INFO - Material change on machine M2: E-Bike_Schaltauge_bearbeitet -> Mountainbike_Schaltauge_bearbeitet, setup time: 20
2025-03-13 17:24:20,874 - JSPGymEnvironment - INFO - Executed operation: Job J9, Op 1, Machine M2, Start: 679.0, End: 693.0, Setup: 20
2025-03-13 17:24:20,877 - JSPGymEnvironment - INFO - Material change on machine M3: Racebike_Bremsen_justiert -> Racebike_Fahrrad_endmontiert, setup time: 15
2025-03-13 17:24:20,877 - JSPGymEnvironment - INFO - Executed operation: Job J8, Op 4, Machine M3, Start: 708.0, End: 761.0, Setup: 15
2025-03-13 17:24:20,881 - JSPGymEnvironment - INFO - Material change on machine M2: Mountainbike_Schaltauge_bearbeitet -> Mountainbike_Rahmen_nachbearbeitet, setup time: 20
2025-03-13 17:24:20,881 - JSPGymEnvironment - INFO - Executed operation: Job J5, Op 4, Machine M2, Start: 781.0, End: 791.0, Setup: 20
2025-03-13 17:24:20,884 - JSPGymEnvironment - INFO - Material change on machine M2: Mountainbike_Rahmen_nachbearbeitet -> Citybike_Schaltauge_bearbeitet, setup time: 20
2025-03-13 17:24:20,884 - JSPGymEnvironment - INFO - Executed operation: Job J4, Op 1, Machine M2, Start: 811.0, End: 831.0, Setup: 20
2025-03-13 17:24:20,891 - JSPGymEnvironment - INFO - Material change on machine M1: Mountainbike_Hauptrahmen_zugeschnitten -> Citybike_Hauptrahmen_zugeschnitten, setup time: 40
2025-03-13 17:24:20,891 - JSPGymEnvironment - INFO - Executed operation: Job J1, Op 0, Machine M1, Start: 871.0, End: 886.0, Setup: 40
2025-03-13 17:24:20,897 - JSPGymEnvironment - INFO - Material change on machine M1: Citybike_Hauptrahmen_zugeschnitten -> Racebike_Hauptrahmen_zugeschnitten, setup time: 40
2025-03-13 17:24:20,897 - JSPGymEnvironment - INFO - Executed operation: Job J10, Op 0, Machine M1, Start: 926.0, End: 962.0, Setup: 40
2025-03-13 17:24:20,901 - JSPGymEnvironment - INFO - Executed operation: Job J2, Op 0, Machine M1, Start: 987.0, End: 1026.0, Setup: 25
2025-03-13 17:24:20,904 - JSPGymEnvironment - INFO - Material change on machine M2: Citybike_Schaltauge_bearbeitet -> Mountainbike_Schaltauge_bearbeitet, setup time: 20
2025-03-13 17:24:20,904 - JSPGymEnvironment - INFO - Executed operation: Job J7, Op 1, Machine M2, Start: 1046.0, End: 1070.0, Setup: 20
2025-03-13 17:24:20,907 - JSPGymEnvironment - INFO - Executed operation: Job J3, Op 0, Machine M1, Start: 1095.0, End: 1111.0, Setup: 25
2025-03-13 17:24:20,911 - JSPGymEnvironment - INFO - Material change on machine M2: Mountainbike_Schaltauge_bearbeitet -> Mountainbike_Rahmen_nachbearbeitet, setup time: 20
2025-03-13 17:24:20,911 - JSPGymEnvironment - INFO - Executed operation: Job J5, Op 5, Machine M2, Start: 1131.0, End: 1144.0, Setup: 20
2025-03-13 17:24:20,917 - JSPGymEnvironment - INFO - Material change on machine M3: Racebike_Fahrrad_endmontiert -> E-Bike_Antrieb_installiert, setup time: 15
2025-03-13 17:24:20,917 - JSPGymEnvironment - INFO - Executed operation: Job J6, Op 2, Machine M3, Start: 1159.0, End: 1218.0, Setup: 15
2025-03-13 17:24:20,924 - JSPGymEnvironment - INFO - Material change on machine M3: E-Bike_Antrieb_installiert -> Racebike_Fahrrad_endmontiert, setup time: 15
2025-03-13 17:24:20,924 - JSPGymEnvironment - INFO - Executed operation: Job J8, Op 5, Machine M3, Start: 1233.0, End: 1275.0, Setup: 15
2025-03-13 17:24:20,927 - JSPGymEnvironment - INFO - Material change on machine M2: Mountainbike_Rahmen_nachbearbeitet -> Racebike_Fahrrad_endmontiert, setup time: 20
2025-03-13 17:24:20,927 - JSPGymEnvironment - INFO - Executed operation: Job J8, Op 6, Machine M2, Start: 1295.0, End: 1325.0, Setup: 20
2025-03-13 17:24:20,927 - JSPGymEnvironment - INFO - Job J8 completed at time 1325.0, deadline: 2809, met: True, priority: 7
2025-03-13 17:24:20,933 - JSPGymEnvironment - INFO - Material change on machine M2: Racebike_Fahrrad_endmontiert -> E-Bike_Bremsaufnahme_gebohrt, setup time: 20
2025-03-13 17:24:20,933 - JSPGymEnvironment - INFO - Executed operation: Job J6, Op 3, Machine M2, Start: 1345.0, End: 1361.0, Setup: 20
2025-03-13 17:24:20,937 - JSPGymEnvironment - INFO - Material change on machine M2: E-Bike_Bremsaufnahme_gebohrt -> Racebike_Schaltauge_bearbeitet, setup time: 20
2025-03-13 17:24:20,937 - JSPGymEnvironment - INFO - Executed operation: Job J10, Op 1, Machine M2, Start: 1381.0, End: 1402.0, Setup: 20
2025-03-13 17:24:20,940 - JSPGymEnvironment - INFO - Material change on machine M3: Racebike_Fahrrad_endmontiert -> Mountainbike_Fahrrad_endmontiert, setup time: 15
2025-03-13 17:24:20,940 - JSPGymEnvironment - INFO - Executed operation: Job J5, Op 6, Machine M3, Start: 1417.0, End: 1447.0, Setup: 15
2025-03-13 17:24:20,940 - JSPGymEnvironment - INFO - Job J5 completed at time 1447.0, deadline: 2880, met: True, priority: 6
2025-03-13 17:24:20,947 - JSPGymEnvironment - INFO - Material change on machine M3: Mountainbike_Fahrrad_endmontiert -> Mountainbike_Antrieb_installiert, setup time: 15
2025-03-13 17:24:20,947 - JSPGymEnvironment - INFO - Executed operation: Job J7, Op 2, Machine M3, Start: 1462.0, End: 1483.0, Setup: 15
2025-03-13 17:24:20,950 - JSPGymEnvironment - INFO - Material change on machine M3: Mountainbike_Antrieb_installiert -> Citybike_Antrieb_installiert, setup time: 15
2025-03-13 17:24:20,950 - JSPGymEnvironment - INFO - Executed operation: Job J4, Op 2, Machine M3, Start: 1498.0, End: 1549.0, Setup: 15
2025-03-13 17:24:20,953 - JSPGymEnvironment - INFO - Executed operation: Job J2, Op 1, Machine M2, Start: 1564.0, End: 1577.0, Setup: 15
2025-03-13 17:24:20,957 - JSPGymEnvironment - INFO - Material change on machine M2: Racebike_Schaltauge_bearbeitet -> Mountainbike_Bremsaufnahme_gebohrt, setup time: 20
2025-03-13 17:24:20,957 - JSPGymEnvironment - INFO - Executed operation: Job J7, Op 3, Machine M2, Start: 1597.0, End: 1613.0, Setup: 20
2025-03-13 17:24:20,960 - JSPGymEnvironment - INFO - Material change on machine M2: Mountainbike_Bremsaufnahme_gebohrt -> Citybike_Bremsaufnahme_gebohrt, setup time: 20
2025-03-13 17:24:20,960 - JSPGymEnvironment - INFO - Executed operation: Job J4, Op 3, Machine M2, Start: 1633.0, End: 1652.0, Setup: 20
2025-03-13 17:24:20,967 - JSPGymEnvironment - INFO - Material change on machine M2: Citybike_Bremsaufnahme_gebohrt -> E-Bike_Rahmen_nachbearbeitet, setup time: 20
2025-03-13 17:24:20,967 - JSPGymEnvironment - INFO - Executed operation: Job J6, Op 4, Machine M2, Start: 1672.0, End: 1701.0, Setup: 20
2025-03-13 17:24:20,970 - JSPGymEnvironment - INFO - Material change on machine M3: Citybike_Antrieb_installiert -> Racebike_Antrieb_installiert, setup time: 15
2025-03-13 17:24:20,970 - JSPGymEnvironment - INFO - Executed operation: Job J2, Op 2, Machine M3, Start: 1716.0, End: 1746.0, Setup: 15
2025-03-13 17:24:20,973 - JSPGymEnvironment - INFO - Material change on machine M2: E-Bike_Rahmen_nachbearbeitet -> Racebike_Bremsaufnahme_gebohrt, setup time: 20
2025-03-13 17:24:20,973 - JSPGymEnvironment - INFO - Executed operation: Job J2, Op 3, Machine M2, Start: 1766.0, End: 1781.0, Setup: 20
2025-03-13 17:24:20,980 - JSPGymEnvironment - INFO - Material change on machine M2: Racebike_Bremsaufnahme_gebohrt -> Mountainbike_Fahrrad_endmontiert, setup time: 20
2025-03-13 17:24:20,980 - JSPGymEnvironment - INFO - Executed operation: Job J7, Op 4, Machine M2, Start: 1801.0, End: 1826.0, Setup: 20
2025-03-13 17:24:20,980 - JSPGymEnvironment - INFO - Job J7 completed at time 1826.0, deadline: 2339, met: True, priority: 7
2025-03-13 17:24:20,986 - JSPGymEnvironment - INFO - Material change on machine M3: Racebike_Antrieb_installiert -> E-Bike_Fahrrad_endmontiert, setup time: 15
2025-03-13 17:24:20,986 - JSPGymEnvironment - INFO - Executed operation: Job J6, Op 5, Machine M3, Start: 1841.0, End: 1896.0, Setup: 15
2025-03-13 17:24:20,986 - JSPGymEnvironment - INFO - Job J6 completed at time 1896.0, deadline: 2880, met: True, priority: 7
2025-03-13 17:24:20,989 - JSPGymEnvironment - INFO - Material change on machine M3: E-Bike_Fahrrad_endmontiert -> Mountainbike_Antrieb_installiert, setup time: 15
2025-03-13 17:24:20,989 - JSPGymEnvironment - INFO - Executed operation: Job J9, Op 2, Machine M3, Start: 1911.0, End: 1970.0, Setup: 15
2025-03-13 17:24:20,996 - JSPGymEnvironment - INFO - Material change on machine M3: Mountainbike_Antrieb_installiert -> Mountainbike_Bremsen_justiert, setup time: 15
2025-03-13 17:24:20,996 - JSPGymEnvironment - INFO - Executed operation: Job J9, Op 3, Machine M3, Start: 1985.0, End: 2025.0, Setup: 15
2025-03-13 17:24:21,002 - JSPGymEnvironment - INFO - Material change on machine M3: Mountainbike_Bremsen_justiert -> Mountainbike_Fahrrad_endmontiert, setup time: 15
2025-03-13 17:24:21,002 - JSPGymEnvironment - INFO - Executed operation: Job J9, Op 4, Machine M3, Start: 2040.0, End: 2080.0, Setup: 15
2025-03-13 17:24:21,008 - JSPGymEnvironment - INFO - Material change on machine M3: Mountainbike_Fahrrad_endmontiert -> Racebike_Antrieb_installiert, setup time: 15
2025-03-13 17:24:21,009 - JSPGymEnvironment - INFO - Executed operation: Job J10, Op 2, Machine M3, Start: 2095.0, End: 2120.0, Setup: 15
2025-03-13 17:24:21,012 - JSPGymEnvironment - INFO - Executed operation: Job J9, Op 5, Machine M2, Start: 2135.0, End: 2146.0, Setup: 15
2025-03-13 17:24:21,012 - JSPGymEnvironment - INFO - Job J9 completed at time 2146.0, deadline: 2880, met: True, priority: 4
2025-03-13 17:24:21,015 - JSPGymEnvironment - INFO - Material change on machine M2: Mountainbike_Fahrrad_endmontiert -> Racebike_Rahmen_nachbearbeitet, setup time: 20
2025-03-13 17:24:21,015 - JSPGymEnvironment - INFO - Executed operation: Job J2, Op 4, Machine M2, Start: 2166.0, End: 2180.0, Setup: 20
2025-03-13 17:24:21,018 - JSPGymEnvironment - INFO - Material change on machine M2: Racebike_Rahmen_nachbearbeitet -> Citybike_Schaltauge_bearbeitet, setup time: 20
2025-03-13 17:24:21,018 - JSPGymEnvironment - INFO - Executed operation: Job J1, Op 1, Machine M2, Start: 2200.0, End: 2226.0, Setup: 20
2025-03-13 17:24:21,021 - JSPGymEnvironment - INFO - Material change on machine M3: Racebike_Antrieb_installiert -> Racebike_Fahrrad_endmontiert, setup time: 15
2025-03-13 17:24:21,021 - JSPGymEnvironment - INFO - Executed operation: Job J2, Op 5, Machine M3, Start: 2241.0, End: 2276.0, Setup: 15
2025-03-13 17:24:21,024 - JSPGymEnvironment - INFO - Material change on machine M2: Citybike_Schaltauge_bearbeitet -> Racebike_Rahmen_nachbearbeitet, setup time: 20
2025-03-13 17:24:21,024 - JSPGymEnvironment - INFO - Executed operation: Job J2, Op 6, Machine M2, Start: 2296.0, End: 2322.0, Setup: 20
2025-03-13 17:24:21,030 - JSPGymEnvironment - INFO - Executed operation: Job J2, Op 7, Machine M3, Start: 2332.0, End: 2374.0, Setup: 10
2025-03-13 17:24:21,030 - JSPGymEnvironment - INFO - Job J2 completed at time 2374.0, deadline: 2880, met: True, priority: 8
2025-03-13 17:24:21,036 - JSPGymEnvironment - INFO - Material change on machine M3: Racebike_Fahrrad_endmontiert -> Citybike_Fahrrad_endmontiert, setup time: 15
2025-03-13 17:24:21,036 - JSPGymEnvironment - INFO - Executed operation: Job J4, Op 4, Machine M3, Start: 2389.0, End: 2441.0, Setup: 15
2025-03-13 17:24:21,036 - JSPGymEnvironment - INFO - Job J4 completed at time 2441.0, deadline: 2880, met: True, priority: 2
2025-03-13 17:24:21,043 - JSPGymEnvironment - INFO - Material change on machine M3: Citybike_Fahrrad_endmontiert -> Racebike_Bremsen_justiert, setup time: 15
2025-03-13 17:24:21,043 - JSPGymEnvironment - INFO - Executed operation: Job J10, Op 3, Machine M3, Start: 2456.0, End: 2500.0, Setup: 15
2025-03-13 17:24:21,049 - JSPGymEnvironment - INFO - Executed operation: Job J10, Op 4, Machine M2, Start: 2515.0, End: 2528.0, Setup: 15
2025-03-13 17:24:21,055 - JSPGymEnvironment - INFO - Material change on machine M3: Racebike_Bremsen_justiert -> Racebike_Fahrrad_endmontiert, setup time: 15
2025-03-13 17:24:21,055 - JSPGymEnvironment - INFO - Executed operation: Job J10, Op 5, Machine M3, Start: 2543.0, End: 2573.0, Setup: 15
2025-03-13 17:24:21,062 - JSPGymEnvironment - INFO - Material change on machine M3: Racebike_Fahrrad_endmontiert -> Citybike_Antrieb_installiert, setup time: 15
2025-03-13 17:24:21,062 - JSPGymEnvironment - INFO - Executed operation: Job J1, Op 2, Machine M3, Start: 2588.0, End: 2615.0, Setup: 15
2025-03-13 17:24:21,065 - JSPGymEnvironment - INFO - Material change on machine M3: Citybike_Antrieb_installiert -> Citybike_Bremsen_justiert, setup time: 15
2025-03-13 17:24:21,065 - JSPGymEnvironment - INFO - Executed operation: Job J1, Op 3, Machine M3, Start: 2630.0, End: 2655.0, Setup: 15
2025-03-13 17:24:21,068 - JSPGymEnvironment - INFO - Material change on machine M2: Racebike_Rahmen_nachbearbeitet -> Racebike_Schaltauge_bearbeitet, setup time: 20
2025-03-13 17:24:21,068 - JSPGymEnvironment - INFO - Executed operation: Job J3, Op 1, Machine M2, Start: 2675.0, End: 2699.0, Setup: 20
2025-03-13 17:24:21,071 - JSPGymEnvironment - INFO - Material change on machine M3: Citybike_Bremsen_justiert -> Citybike_Fahrrad_endmontiert, setup time: 15
2025-03-13 17:24:21,071 - JSPGymEnvironment - INFO - Executed operation: Job J1, Op 4, Machine M3, Start: 2714.0, End: 2769.0, Setup: 15
2025-03-13 17:24:21,074 - JSPGymEnvironment - INFO - Executed operation: Job J1, Op 5, Machine M3, Start: 2779.0, End: 2837.0, Setup: 10
2025-03-13 17:24:21,077 - JSPGymEnvironment - INFO - Material change on machine M2: Racebike_Schaltauge_bearbeitet -> Racebike_Rahmen_nachbearbeitet, setup time: 20
2025-03-13 17:24:21,078 - JSPGymEnvironment - INFO - Executed operation: Job J10, Op 6, Machine M2, Start: 2857.0, End: 2883.0, Setup: 20
2025-03-13 17:24:21,084 - JSPGymEnvironment - INFO - Material change on machine M3: Citybike_Fahrrad_endmontiert -> Racebike_Fahrrad_endmontiert, setup time: 15
2025-03-13 17:24:21,084 - JSPGymEnvironment - INFO - Executed operation: Job J10, Op 7, Machine M3, Start: 2898.0, End: 2922.0, Setup: 15
2025-03-13 17:24:21,084 - JSPGymEnvironment - INFO - Job J10 completed at time 2922.0, deadline: 2846, met: False, priority: 8
2025-03-13 17:24:21,087 - JSPGymEnvironment - INFO - Material change on machine M3: Racebike_Fahrrad_endmontiert -> Racebike_Antrieb_installiert, setup time: 15
2025-03-13 17:24:21,087 - JSPGymEnvironment - INFO - Executed operation: Job J3, Op 2, Machine M3, Start: 2937.0, End: 2983.0, Setup: 15
2025-03-13 17:24:21,093 - JSPGymEnvironment - INFO - Material change on machine M2: Racebike_Rahmen_nachbearbeitet -> Citybike_Rahmen_nachbearbeitet, setup time: 20
2025-03-13 17:24:21,093 - JSPGymEnvironment - INFO - Executed operation: Job J1, Op 6, Machine M2, Start: 3003.0, End: 3023.0, Setup: 20
2025-03-13 17:24:21,099 - JSPGymEnvironment - INFO - Material change on machine M3: Racebike_Antrieb_installiert -> Citybike_Fahrrad_endmontiert, setup time: 15
2025-03-13 17:24:21,099 - JSPGymEnvironment - INFO - Executed operation: Job J1, Op 7, Machine M3, Start: 3038.0, End: 3081.0, Setup: 15
2025-03-13 17:24:21,099 - JSPGymEnvironment - INFO - Job J1 completed at time 3081.0, deadline: 2880, met: False, priority: 3
2025-03-13 17:24:21,102 - JSPGymEnvironment - INFO - Material change on machine M3: Citybike_Fahrrad_endmontiert -> Racebike_Bremsen_justiert, setup time: 15
2025-03-13 17:24:21,102 - JSPGymEnvironment - INFO - Executed operation: Job J3, Op 3, Machine M3, Start: 3096.0, End: 3146.0, Setup: 15
2025-03-13 17:24:21,106 - JSPGymEnvironment - INFO - Material change on machine M2: Citybike_Rahmen_nachbearbeitet -> Racebike_Fahrrad_endmontiert, setup time: 20
2025-03-13 17:24:21,106 - JSPGymEnvironment - INFO - Executed operation: Job J3, Op 4, Machine M2, Start: 3166.0, End: 3181.0, Setup: 20
2025-03-13 17:24:21,106 - JSPGymEnvironment - INFO - Job J3 completed at time 3181.0, deadline: 2697, met: False, priority: 8
2025-03-13 17:24:23,893 - JSPGymEnvironment - INFO - Environment reset
2025-03-13 17:24:23,897 - JSPGymEnvironment - INFO - Material change on machine M1:  -> Citybike_Hauptrahmen_zugeschnitten, setup time: 0
2025-03-13 17:24:23,897 - JSPGymEnvironment - INFO - Executed operation: Job J1, Op 0, Machine M1, Start: 0.0, End: 15.0, Setup: 0
2025-03-13 17:24:23,900 - JSPGymEnvironment - INFO - Material change on machine M1: Citybike_Hauptrahmen_zugeschnitten -> Racebike_Hauptrahmen_zugeschnitten, setup time: 40
2025-03-13 17:24:23,900 - JSPGymEnvironment - INFO - Executed operation: Job J3, Op 0, Machine M1, Start: 55.0, End: 71.0, Setup: 40
2025-03-13 17:24:23,907 - JSPGymEnvironment - INFO - Executed operation: Job J2, Op 0, Machine M1, Start: 96.0, End: 135.0, Setup: 25
2025-03-13 17:24:23,910 - JSPGymEnvironment - INFO - Material change on machine M2:  -> Racebike_Schaltauge_bearbeitet, setup time: 0
2025-03-13 17:24:23,910 - JSPGymEnvironment - INFO - Executed operation: Job J3, Op 1, Machine M2, Start: 135.0, End: 159.0, Setup: 0
2025-03-13 17:24:23,913 - JSPGymEnvironment - INFO - Material change on machine M1: Racebike_Hauptrahmen_zugeschnitten -> Mountainbike_Hauptrahmen_zugeschnitten, setup time: 40
2025-03-13 17:24:23,913 - JSPGymEnvironment - INFO - Executed operation: Job J9, Op 0, Machine M1, Start: 199.0, End: 240.0, Setup: 40
2025-03-13 17:24:23,920 - JSPGymEnvironment - INFO - Executed operation: Job J5, Op 0, Machine M1, Start: 265.0, End: 295.0, Setup: 25
2025-03-13 17:24:23,924 - JSPGymEnvironment - INFO - Material change on machine M2: Racebike_Schaltauge_bearbeitet -> Citybike_Schaltauge_bearbeitet, setup time: 20
2025-03-13 17:24:23,924 - JSPGymEnvironment - INFO - Executed operation: Job J1, Op 1, Machine M2, Start: 315.0, End: 341.0, Setup: 20
2025-03-13 17:24:23,927 - JSPGymEnvironment - INFO - Material change on machine M2: Citybike_Schaltauge_bearbeitet -> Mountainbike_Schaltauge_bearbeitet, setup time: 20
2025-03-13 17:24:23,927 - JSPGymEnvironment - INFO - Executed operation: Job J9, Op 1, Machine M2, Start: 361.0, End: 375.0, Setup: 20
2025-03-13 17:24:23,934 - JSPGymEnvironment - INFO - Material change on machine M2: Mountainbike_Schaltauge_bearbeitet -> Racebike_Schaltauge_bearbeitet, setup time: 20
2025-03-13 17:24:23,934 - JSPGymEnvironment - INFO - Executed operation: Job J2, Op 1, Machine M2, Start: 395.0, End: 408.0, Setup: 20
2025-03-13 17:24:23,938 - JSPGymEnvironment - INFO - Material change on machine M2: Racebike_Schaltauge_bearbeitet -> Mountainbike_Schaltauge_bearbeitet, setup time: 20
2025-03-13 17:24:23,938 - JSPGymEnvironment - INFO - Executed operation: Job J5, Op 1, Machine M2, Start: 428.0, End: 457.0, Setup: 20
2025-03-13 17:24:23,944 - JSPGymEnvironment - INFO - Material change on machine M3:  -> Racebike_Antrieb_installiert, setup time: 0
2025-03-13 17:24:23,944 - JSPGymEnvironment - INFO - Executed operation: Job J2, Op 2, Machine M3, Start: 457.0, End: 487.0, Setup: 0
2025-03-13 17:24:23,947 - JSPGymEnvironment - INFO - Material change on machine M1: Mountainbike_Hauptrahmen_zugeschnitten -> Citybike_Hauptrahmen_zugeschnitten, setup time: 40
2025-03-13 17:24:23,947 - JSPGymEnvironment - INFO - Executed operation: Job J4, Op 0, Machine M1, Start: 527.0, End: 564.0, Setup: 40
2025-03-13 17:24:23,954 - JSPGymEnvironment - INFO - Material change on machine M3: Racebike_Antrieb_installiert -> Citybike_Antrieb_installiert, setup time: 15
2025-03-13 17:24:23,954 - JSPGymEnvironment - INFO - Executed operation: Job J1, Op 2, Machine M3, Start: 579.0, End: 606.0, Setup: 15
2025-03-13 17:24:23,961 - JSPGymEnvironment - INFO - Material change on machine M2: Mountainbike_Schaltauge_bearbeitet -> Racebike_Bremsaufnahme_gebohrt, setup time: 20
2025-03-13 17:24:23,961 - JSPGymEnvironment - INFO - Executed operation: Job J2, Op 3, Machine M2, Start: 626.0, End: 641.0, Setup: 20
2025-03-13 17:24:23,964 - JSPGymEnvironment - INFO - Material change on machine M1: Citybike_Hauptrahmen_zugeschnitten -> Racebike_Hauptrahmen_zugeschnitten, setup time: 40
2025-03-13 17:24:23,964 - JSPGymEnvironment - INFO - Executed operation: Job J10, Op 0, Machine M1, Start: 681.0, End: 717.0, Setup: 40
2025-03-13 17:24:23,971 - JSPGymEnvironment - INFO - Material change on machine M2: Racebike_Bremsaufnahme_gebohrt -> Racebike_Rahmen_nachbearbeitet, setup time: 20
2025-03-13 17:24:23,971 - JSPGymEnvironment - INFO - Executed operation: Job J2, Op 4, Machine M2, Start: 737.0, End: 751.0, Setup: 20
2025-03-13 17:24:23,974 - JSPGymEnvironment - INFO - Material change on machine M1: Racebike_Hauptrahmen_zugeschnitten -> E-Bike_Hauptrahmen_zugeschnitten, setup time: 40
2025-03-13 17:24:23,974 - JSPGymEnvironment - INFO - Executed operation: Job J6, Op 0, Machine M1, Start: 791.0, End: 821.0, Setup: 40
2025-03-13 17:24:23,981 - JSPGymEnvironment - INFO - Material change on machine M3: Citybike_Antrieb_installiert -> Racebike_Fahrrad_endmontiert, setup time: 15
2025-03-13 17:24:23,981 - JSPGymEnvironment - INFO - Executed operation: Job J2, Op 5, Machine M3, Start: 836.0, End: 871.0, Setup: 15
2025-03-13 17:24:23,984 - JSPGymEnvironment - INFO - Material change on machine M1: E-Bike_Hauptrahmen_zugeschnitten -> Mountainbike_Hauptrahmen_zugeschnitten, setup time: 40
2025-03-13 17:24:23,984 - JSPGymEnvironment - INFO - Executed operation: Job J7, Op 0, Machine M1, Start: 911.0, End: 941.0, Setup: 40
2025-03-13 17:24:23,991 - JSPGymEnvironment - INFO - Executed operation: Job J2, Op 6, Machine M2, Start: 956.0, End: 982.0, Setup: 15
2025-03-13 17:24:23,994 - JSPGymEnvironment - INFO - Material change on machine M2: Racebike_Rahmen_nachbearbeitet -> Mountainbike_Schaltauge_bearbeitet, setup time: 20
2025-03-13 17:24:23,994 - JSPGymEnvironment - INFO - Executed operation: Job J7, Op 1, Machine M2, Start: 1002.0, End: 1026.0, Setup: 20
2025-03-13 17:24:23,997 - JSPGymEnvironment - INFO - Executed operation: Job J2, Op 7, Machine M3, Start: 1036.0, End: 1078.0, Setup: 10
2025-03-13 17:24:23,997 - JSPGymEnvironment - INFO - Job J2 completed at time 1078.0, deadline: 2880, met: True, priority: 8
2025-03-13 17:24:24,001 - JSPGymEnvironment - INFO - Material change on machine M2: Mountainbike_Schaltauge_bearbeitet -> Citybike_Schaltauge_bearbeitet, setup time: 20
2025-03-13 17:24:24,001 - JSPGymEnvironment - INFO - Executed operation: Job J4, Op 1, Machine M2, Start: 1098.0, End: 1118.0, Setup: 20
2025-03-13 17:24:24,005 - JSPGymEnvironment - INFO - Material change on machine M3: Racebike_Fahrrad_endmontiert -> Mountainbike_Antrieb_installiert, setup time: 15
2025-03-13 17:24:24,005 - JSPGymEnvironment - INFO - Executed operation: Job J5, Op 2, Machine M3, Start: 1133.0, End: 1153.0, Setup: 15
2025-03-13 17:24:24,011 - JSPGymEnvironment - INFO - Material change on machine M2: Citybike_Schaltauge_bearbeitet -> Racebike_Schaltauge_bearbeitet, setup time: 20
2025-03-13 17:24:24,012 - JSPGymEnvironment - INFO - Executed operation: Job J10, Op 1, Machine M2, Start: 1173.0, End: 1194.0, Setup: 20
2025-03-13 17:24:24,018 - JSPGymEnvironment - INFO - Material change on machine M3: Mountainbike_Antrieb_installiert -> Citybike_Antrieb_installiert, setup time: 15
2025-03-13 17:24:24,018 - JSPGymEnvironment - INFO - Executed operation: Job J4, Op 2, Machine M3, Start: 1209.0, End: 1260.0, Setup: 15
2025-03-13 17:24:24,022 - JSPGymEnvironment - INFO - Material change on machine M3: Citybike_Antrieb_installiert -> Citybike_Bremsen_justiert, setup time: 15
2025-03-13 17:24:24,022 - JSPGymEnvironment - INFO - Executed operation: Job J1, Op 3, Machine M3, Start: 1275.0, End: 1300.0, Setup: 15
2025-03-13 17:24:24,028 - JSPGymEnvironment - INFO - Material change on machine M3: Citybike_Bremsen_justiert -> Racebike_Antrieb_installiert, setup time: 15
2025-03-13 17:24:24,028 - JSPGymEnvironment - INFO - Executed operation: Job J3, Op 2, Machine M3, Start: 1315.0, End: 1361.0, Setup: 15
2025-03-13 17:24:24,035 - JSPGymEnvironment - INFO - Material change on machine M1: Mountainbike_Hauptrahmen_zugeschnitten -> Racebike_Hauptrahmen_zugeschnitten, setup time: 40
2025-03-13 17:24:24,035 - JSPGymEnvironment - INFO - Executed operation: Job J8, Op 0, Machine M1, Start: 1401.0, End: 1421.0, Setup: 40
2025-03-13 17:24:24,041 - JSPGymEnvironment - INFO - Material change on machine M3: Racebike_Antrieb_installiert -> Mountainbike_Antrieb_installiert, setup time: 15
2025-03-13 17:24:24,041 - JSPGymEnvironment - INFO - Executed operation: Job J7, Op 2, Machine M3, Start: 1436.0, End: 1457.0, Setup: 15
2025-03-13 17:24:24,045 - JSPGymEnvironment - INFO - Material change on machine M2: Racebike_Schaltauge_bearbeitet -> Mountainbike_Bremsaufnahme_gebohrt, setup time: 20
2025-03-13 17:24:24,045 - JSPGymEnvironment - INFO - Executed operation: Job J7, Op 3, Machine M2, Start: 1477.0, End: 1493.0, Setup: 20
2025-03-13 17:24:24,048 - JSPGymEnvironment - INFO - Material change on machine M2: Mountainbike_Bremsaufnahme_gebohrt -> Mountainbike_Fahrrad_endmontiert, setup time: 20
2025-03-13 17:24:24,048 - JSPGymEnvironment - INFO - Executed operation: Job J7, Op 4, Machine M2, Start: 1513.0, End: 1538.0, Setup: 20
2025-03-13 17:24:24,048 - JSPGymEnvironment - INFO - Job J7 completed at time 1538.0, deadline: 2339, met: True, priority: 7
2025-03-13 17:24:24,051 - JSPGymEnvironment - INFO - Material change on machine M3: Mountainbike_Antrieb_installiert -> Citybike_Fahrrad_endmontiert, setup time: 15
2025-03-13 17:24:24,051 - JSPGymEnvironment - INFO - Executed operation: Job J1, Op 4, Machine M3, Start: 1553.0, End: 1608.0, Setup: 15
2025-03-13 17:24:24,055 - JSPGymEnvironment - INFO - Material change on machine M3: Citybike_Fahrrad_endmontiert -> Racebike_Bremsen_justiert, setup time: 15
2025-03-13 17:24:24,055 - JSPGymEnvironment - INFO - Executed operation: Job J3, Op 3, Machine M3, Start: 1623.0, End: 1673.0, Setup: 15
2025-03-13 17:24:24,058 - JSPGymEnvironment - INFO - Material change on machine M2: Mountainbike_Fahrrad_endmontiert -> E-Bike_Schaltauge_bearbeitet, setup time: 20
2025-03-13 17:24:24,058 - JSPGymEnvironment - INFO - Executed operation: Job J6, Op 1, Machine M2, Start: 1693.0, End: 1711.0, Setup: 20
2025-03-13 17:24:24,065 - JSPGymEnvironment - INFO - Material change on machine M3: Racebike_Bremsen_justiert -> Mountainbike_Antrieb_installiert, setup time: 15
2025-03-13 17:24:24,065 - JSPGymEnvironment - INFO - Executed operation: Job J9, Op 2, Machine M3, Start: 1726.0, End: 1785.0, Setup: 15
2025-03-13 17:24:24,069 - JSPGymEnvironment - INFO - Material change on machine M3: Mountainbike_Antrieb_installiert -> Racebike_Antrieb_installiert, setup time: 15
2025-03-13 17:24:24,069 - JSPGymEnvironment - INFO - Executed operation: Job J10, Op 2, Machine M3, Start: 1800.0, End: 1825.0, Setup: 15
2025-03-13 17:24:24,072 - JSPGymEnvironment - INFO - Material change on machine M2: E-Bike_Schaltauge_bearbeitet -> Racebike_Fahrrad_endmontiert, setup time: 20
2025-03-13 17:24:24,072 - JSPGymEnvironment - INFO - Executed operation: Job J3, Op 4, Machine M2, Start: 1845.0, End: 1860.0, Setup: 20
2025-03-13 17:24:24,072 - JSPGymEnvironment - INFO - Job J3 completed at time 1860.0, deadline: 2697, met: True, priority: 8
2025-03-13 17:24:24,078 - JSPGymEnvironment - INFO - Material change on machine M2: Racebike_Fahrrad_endmontiert -> Racebike_Schaltauge_bearbeitet, setup time: 20
2025-03-13 17:24:24,079 - JSPGymEnvironment - INFO - Executed operation: Job J8, Op 1, Machine M2, Start: 1880.0, End: 1896.0, Setup: 20
2025-03-13 17:24:24,085 - JSPGymEnvironment - INFO - Material change on machine M3: Racebike_Antrieb_installiert -> Mountainbike_Bremsen_justiert, setup time: 15
2025-03-13 17:24:24,085 - JSPGymEnvironment - INFO - Executed operation: Job J5, Op 3, Machine M3, Start: 1911.0, End: 1967.0, Setup: 15
2025-03-13 17:24:24,092 - JSPGymEnvironment - INFO - Executed operation: Job J9, Op 3, Machine M3, Start: 1977.0, End: 2017.0, Setup: 10
2025-03-13 17:24:24,098 - JSPGymEnvironment - INFO - Material change on machine M3: Mountainbike_Bremsen_justiert -> Racebike_Antrieb_installiert, setup time: 15
2025-03-13 17:24:24,098 - JSPGymEnvironment - INFO - Executed operation: Job J8, Op 2, Machine M3, Start: 2032.0, End: 2053.0, Setup: 15
2025-03-13 17:24:24,101 - JSPGymEnvironment - INFO - Material change on machine M3: Racebike_Antrieb_installiert -> Racebike_Bremsen_justiert, setup time: 15
2025-03-13 17:24:24,101 - JSPGymEnvironment - INFO - Executed operation: Job J10, Op 3, Machine M3, Start: 2068.0, End: 2112.0, Setup: 15
2025-03-13 17:24:24,104 - JSPGymEnvironment - INFO - Material change on machine M3: Racebike_Bremsen_justiert -> Citybike_Fahrrad_endmontiert, setup time: 15
2025-03-13 17:24:24,104 - JSPGymEnvironment - INFO - Executed operation: Job J1, Op 5, Machine M3, Start: 2127.0, End: 2185.0, Setup: 15
2025-03-13 17:24:24,107 - JSPGymEnvironment - INFO - Material change on machine M3: Citybike_Fahrrad_endmontiert -> E-Bike_Antrieb_installiert, setup time: 15
2025-03-13 17:24:24,107 - JSPGymEnvironment - INFO - Executed operation: Job J6, Op 2, Machine M3, Start: 2200.0, End: 2259.0, Setup: 15
2025-03-13 17:24:24,110 - JSPGymEnvironment - INFO - Material change on machine M3: E-Bike_Antrieb_installiert -> Mountainbike_Fahrrad_endmontiert, setup time: 15
2025-03-13 17:24:24,110 - JSPGymEnvironment - INFO - Executed operation: Job J9, Op 4, Machine M3, Start: 2274.0, End: 2314.0, Setup: 15
2025-03-13 17:24:24,114 - JSPGymEnvironment - INFO - Material change on machine M2: Racebike_Schaltauge_bearbeitet -> Racebike_Rahmen_nachbearbeitet, setup time: 20
2025-03-13 17:24:24,114 - JSPGymEnvironment - INFO - Executed operation: Job J10, Op 4, Machine M2, Start: 2334.0, End: 2347.0, Setup: 20
2025-03-13 17:24:24,120 - JSPGymEnvironment - INFO - Material change on machine M3: Mountainbike_Fahrrad_endmontiert -> Racebike_Bremsen_justiert, setup time: 15
2025-03-13 17:24:24,120 - JSPGymEnvironment - INFO - Executed operation: Job J8, Op 3, Machine M3, Start: 2362.0, End: 2403.0, Setup: 15
2025-03-13 17:24:24,126 - JSPGymEnvironment - INFO - Material change on machine M3: Racebike_Bremsen_justiert -> Racebike_Fahrrad_endmontiert, setup time: 15
2025-03-13 17:24:24,126 - JSPGymEnvironment - INFO - Executed operation: Job J8, Op 4, Machine M3, Start: 2418.0, End: 2471.0, Setup: 15
2025-03-13 17:24:24,132 - JSPGymEnvironment - INFO - Material change on machine M2: Racebike_Rahmen_nachbearbeitet -> Citybike_Rahmen_nachbearbeitet, setup time: 20
2025-03-13 17:24:24,132 - JSPGymEnvironment - INFO - Executed operation: Job J1, Op 6, Machine M2, Start: 2491.0, End: 2511.0, Setup: 20
2025-03-13 17:24:24,135 - JSPGymEnvironment - INFO - Executed operation: Job J8, Op 5, Machine M3, Start: 2521.0, End: 2563.0, Setup: 10
2025-03-13 17:24:24,141 - JSPGymEnvironment - INFO - Executed operation: Job J10, Op 5, Machine M3, Start: 2573.0, End: 2603.0, Setup: 10
2025-03-13 17:24:24,144 - JSPGymEnvironment - INFO - Material change on machine M2: Citybike_Rahmen_nachbearbeitet -> Mountainbike_Fahrrad_endmontiert, setup time: 20
2025-03-13 17:24:24,145 - JSPGymEnvironment - INFO - Executed operation: Job J9, Op 5, Machine M2, Start: 2623.0, End: 2634.0, Setup: 20
2025-03-13 17:24:24,145 - JSPGymEnvironment - INFO - Job J9 completed at time 2634.0, deadline: 2880, met: True, priority: 4
2025-03-13 17:24:24,148 - JSPGymEnvironment - INFO - Material change on machine M2: Mountainbike_Fahrrad_endmontiert -> E-Bike_Bremsaufnahme_gebohrt, setup time: 20
2025-03-13 17:24:24,148 - JSPGymEnvironment - INFO - Executed operation: Job J6, Op 3, Machine M2, Start: 2654.0, End: 2670.0, Setup: 20
2025-03-13 17:24:24,154 - JSPGymEnvironment - INFO - Material change on machine M2: E-Bike_Bremsaufnahme_gebohrt -> Mountainbike_Rahmen_nachbearbeitet, setup time: 20
2025-03-13 17:24:24,154 - JSPGymEnvironment - INFO - Executed operation: Job J5, Op 4, Machine M2, Start: 2690.0, End: 2700.0, Setup: 20
2025-03-13 17:24:24,157 - JSPGymEnvironment - INFO - Material change on machine M2: Mountainbike_Rahmen_nachbearbeitet -> Racebike_Fahrrad_endmontiert, setup time: 20
2025-03-13 17:24:24,157 - JSPGymEnvironment - INFO - Executed operation: Job J8, Op 6, Machine M2, Start: 2720.0, End: 2750.0, Setup: 20
2025-03-13 17:24:24,157 - JSPGymEnvironment - INFO - Job J8 completed at time 2750.0, deadline: 2809, met: True, priority: 7
2025-03-13 17:24:24,160 - JSPGymEnvironment - INFO - Material change on machine M3: Racebike_Fahrrad_endmontiert -> Citybike_Fahrrad_endmontiert, setup time: 15
2025-03-13 17:24:24,160 - JSPGymEnvironment - INFO - Executed operation: Job J1, Op 7, Machine M3, Start: 2765.0, End: 2808.0, Setup: 15
2025-03-13 17:24:24,161 - JSPGymEnvironment - INFO - Job J1 completed at time 2808.0, deadline: 2880, met: True, priority: 3
2025-03-13 17:24:24,164 - JSPGymEnvironment - INFO - Material change on machine M2: Racebike_Fahrrad_endmontiert -> Citybike_Bremsaufnahme_gebohrt, setup time: 20
2025-03-13 17:24:24,164 - JSPGymEnvironment - INFO - Executed operation: Job J4, Op 3, Machine M2, Start: 2828.0, End: 2847.0, Setup: 20
2025-03-13 17:24:24,167 - JSPGymEnvironment - INFO - Material change on machine M2: Citybike_Bremsaufnahme_gebohrt -> Racebike_Rahmen_nachbearbeitet, setup time: 20
2025-03-13 17:24:24,167 - JSPGymEnvironment - INFO - Executed operation: Job J10, Op 6, Machine M2, Start: 2867.0, End: 2893.0, Setup: 20
2025-03-13 17:24:24,173 - JSPGymEnvironment - INFO - Material change on machine M2: Racebike_Rahmen_nachbearbeitet -> Mountainbike_Rahmen_nachbearbeitet, setup time: 20
2025-03-13 17:24:24,173 - JSPGymEnvironment - INFO - Executed operation: Job J5, Op 5, Machine M2, Start: 2913.0, End: 2926.0, Setup: 20
2025-03-13 17:24:24,179 - JSPGymEnvironment - INFO - Material change on machine M3: Citybike_Fahrrad_endmontiert -> Mountainbike_Fahrrad_endmontiert, setup time: 15
2025-03-13 17:24:24,179 - JSPGymEnvironment - INFO - Executed operation: Job J5, Op 6, Machine M3, Start: 2941.0, End: 2971.0, Setup: 15
2025-03-13 17:24:24,179 - JSPGymEnvironment - INFO - Job J5 completed at time 2971.0, deadline: 2880, met: False, priority: 6
2025-03-13 17:24:24,186 - JSPGymEnvironment - INFO - Material change on machine M3: Mountainbike_Fahrrad_endmontiert -> Racebike_Fahrrad_endmontiert, setup time: 15
2025-03-13 17:24:24,186 - JSPGymEnvironment - INFO - Executed operation: Job J10, Op 7, Machine M3, Start: 2986.0, End: 3010.0, Setup: 15
2025-03-13 17:24:24,186 - JSPGymEnvironment - INFO - Job J10 completed at time 3010.0, deadline: 2846, met: False, priority: 8
2025-03-13 17:24:24,189 - JSPGymEnvironment - INFO - Material change on machine M2: Mountainbike_Rahmen_nachbearbeitet -> E-Bike_Rahmen_nachbearbeitet, setup time: 20
2025-03-13 17:24:24,189 - JSPGymEnvironment - INFO - Executed operation: Job J6, Op 4, Machine M2, Start: 3030.0, End: 3059.0, Setup: 20
2025-03-13 17:24:24,192 - JSPGymEnvironment - INFO - Material change on machine M3: Racebike_Fahrrad_endmontiert -> Citybike_Fahrrad_endmontiert, setup time: 15
2025-03-13 17:24:24,193 - JSPGymEnvironment - INFO - Executed operation: Job J4, Op 4, Machine M3, Start: 3074.0, End: 3126.0, Setup: 15
2025-03-13 17:24:24,193 - JSPGymEnvironment - INFO - Job J4 completed at time 3126.0, deadline: 2880, met: False, priority: 2
2025-03-13 17:24:24,199 - JSPGymEnvironment - INFO - Material change on machine M3: Citybike_Fahrrad_endmontiert -> E-Bike_Fahrrad_endmontiert, setup time: 15
2025-03-13 17:24:24,199 - JSPGymEnvironment - INFO - Executed operation: Job J6, Op 5, Machine M3, Start: 3141.0, End: 3196.0, Setup: 15
2025-03-13 17:24:24,199 - JSPGymEnvironment - INFO - Job J6 completed at time 3196.0, deadline: 2880, met: False, priority: 7
2025-03-13 17:24:27,057 - JSPGymEnvironment - INFO - Environment reset
2025-03-13 17:24:27,064 - JSPGymEnvironment - INFO - Material change on machine M1:  -> Racebike_Hauptrahmen_zugeschnitten, setup time: 0
2025-03-13 17:24:27,064 - JSPGymEnvironment - INFO - Executed operation: Job J8, Op 0, Machine M1, Start: 0.0, End: 20.0, Setup: 0
2025-03-13 17:24:27,068 - JSPGymEnvironment - INFO - Executed operation: Job J10, Op 0, Machine M1, Start: 45.0, End: 81.0, Setup: 25
2025-03-13 17:24:27,074 - JSPGymEnvironment - INFO - Material change on machine M1: Racebike_Hauptrahmen_zugeschnitten -> Mountainbike_Hauptrahmen_zugeschnitten, setup time: 40
2025-03-13 17:24:27,074 - JSPGymEnvironment - INFO - Executed operation: Job J7, Op 0, Machine M1, Start: 121.0, End: 151.0, Setup: 40
2025-03-13 17:24:27,081 - JSPGymEnvironment - INFO - Material change on machine M2:  -> Racebike_Schaltauge_bearbeitet, setup time: 0
2025-03-13 17:24:27,081 - JSPGymEnvironment - INFO - Executed operation: Job J8, Op 1, Machine M2, Start: 151.0, End: 167.0, Setup: 0
2025-03-13 17:24:27,085 - JSPGymEnvironment - INFO - Material change on machine M1: Mountainbike_Hauptrahmen_zugeschnitten -> E-Bike_Hauptrahmen_zugeschnitten, setup time: 40
2025-03-13 17:24:27,085 - JSPGymEnvironment - INFO - Executed operation: Job J6, Op 0, Machine M1, Start: 207.0, End: 237.0, Setup: 40
2025-03-13 17:24:27,091 - JSPGymEnvironment - INFO - Material change on machine M3:  -> Racebike_Antrieb_installiert, setup time: 0
2025-03-13 17:24:27,091 - JSPGymEnvironment - INFO - Executed operation: Job J8, Op 2, Machine M3, Start: 237.0, End: 258.0, Setup: 0
2025-03-13 17:24:27,095 - JSPGymEnvironment - INFO - Material change on machine M3: Racebike_Antrieb_installiert -> Racebike_Bremsen_justiert, setup time: 15
2025-03-13 17:24:27,095 - JSPGymEnvironment - INFO - Executed operation: Job J8, Op 3, Machine M3, Start: 273.0, End: 314.0, Setup: 15
2025-03-13 17:24:27,098 - JSPGymEnvironment - INFO - Material change on machine M2: Racebike_Schaltauge_bearbeitet -> E-Bike_Schaltauge_bearbeitet, setup time: 20
2025-03-13 17:24:27,098 - JSPGymEnvironment - INFO - Executed operation: Job J6, Op 1, Machine M2, Start: 334.0, End: 352.0, Setup: 20
2025-03-13 17:24:27,105 - JSPGymEnvironment - INFO - Material change on machine M3: Racebike_Bremsen_justiert -> Racebike_Fahrrad_endmontiert, setup time: 15
2025-03-13 17:24:27,105 - JSPGymEnvironment - INFO - Executed operation: Job J8, Op 4, Machine M3, Start: 367.0, End: 420.0, Setup: 15
2025-03-13 17:24:27,109 - JSPGymEnvironment - INFO - Material change on machine M1: E-Bike_Hauptrahmen_zugeschnitten -> Racebike_Hauptrahmen_zugeschnitten, setup time: 40
2025-03-13 17:24:27,109 - JSPGymEnvironment - INFO - Executed operation: Job J3, Op 0, Machine M1, Start: 460.0, End: 476.0, Setup: 40
2025-03-13 17:24:27,115 - JSPGymEnvironment - INFO - Executed operation: Job J8, Op 5, Machine M3, Start: 486.0, End: 528.0, Setup: 10
2025-03-13 17:24:27,119 - JSPGymEnvironment - INFO - Material change on machine M1: Racebike_Hauptrahmen_zugeschnitten -> Citybike_Hauptrahmen_zugeschnitten, setup time: 40
2025-03-13 17:24:27,119 - JSPGymEnvironment - INFO - Executed operation: Job J1, Op 0, Machine M1, Start: 568.0, End: 583.0, Setup: 40
2025-03-13 17:24:27,125 - JSPGymEnvironment - INFO - Material change on machine M2: E-Bike_Schaltauge_bearbeitet -> Racebike_Fahrrad_endmontiert, setup time: 20
2025-03-13 17:24:27,125 - JSPGymEnvironment - INFO - Executed operation: Job J8, Op 6, Machine M2, Start: 603.0, End: 633.0, Setup: 20
2025-03-13 17:24:27,125 - JSPGymEnvironment - INFO - Job J8 completed at time 633.0, deadline: 2809, met: True, priority: 7
2025-03-13 17:24:27,132 - JSPGymEnvironment - INFO - Material change on machine M2: Racebike_Fahrrad_endmontiert -> Racebike_Schaltauge_bearbeitet, setup time: 20
2025-03-13 17:24:27,132 - JSPGymEnvironment - INFO - Executed operation: Job J10, Op 1, Machine M2, Start: 653.0, End: 674.0, Setup: 20
2025-03-13 17:24:27,139 - JSPGymEnvironment - INFO - Material change on machine M3: Racebike_Fahrrad_endmontiert -> E-Bike_Antrieb_installiert, setup time: 15
2025-03-13 17:24:27,139 - JSPGymEnvironment - INFO - Executed operation: Job J6, Op 2, Machine M3, Start: 689.0, End: 748.0, Setup: 15
2025-03-13 17:24:27,142 - JSPGymEnvironment - INFO - Material change on machine M1: Citybike_Hauptrahmen_zugeschnitten -> Mountainbike_Hauptrahmen_zugeschnitten, setup time: 40
2025-03-13 17:24:27,142 - JSPGymEnvironment - INFO - Executed operation: Job J5, Op 0, Machine M1, Start: 788.0, End: 818.0, Setup: 40
2025-03-13 17:24:27,146 - JSPGymEnvironment - INFO - Material change on machine M2: Racebike_Schaltauge_bearbeitet -> E-Bike_Bremsaufnahme_gebohrt, setup time: 20
2025-03-13 17:24:27,146 - JSPGymEnvironment - INFO - Executed operation: Job J6, Op 3, Machine M2, Start: 838.0, End: 854.0, Setup: 20
2025-03-13 17:24:27,152 - JSPGymEnvironment - INFO - Material change on machine M1: Mountainbike_Hauptrahmen_zugeschnitten -> Racebike_Hauptrahmen_zugeschnitten, setup time: 40
2025-03-13 17:24:27,152 - JSPGymEnvironment - INFO - Executed operation: Job J2, Op 0, Machine M1, Start: 894.0, End: 933.0, Setup: 40
2025-03-13 17:24:27,159 - JSPGymEnvironment - INFO - Material change on machine M3: E-Bike_Antrieb_installiert -> Racebike_Antrieb_installiert, setup time: 15
2025-03-13 17:24:27,159 - JSPGymEnvironment - INFO - Executed operation: Job J10, Op 2, Machine M3, Start: 948.0, End: 973.0, Setup: 15
2025-03-13 17:24:27,166 - JSPGymEnvironment - INFO - Material change on machine M3: Racebike_Antrieb_installiert -> Racebike_Bremsen_justiert, setup time: 15
2025-03-13 17:24:27,166 - JSPGymEnvironment - INFO - Executed operation: Job J10, Op 3, Machine M3, Start: 988.0, End: 1032.0, Setup: 15
2025-03-13 17:24:27,172 - JSPGymEnvironment - INFO - Material change on machine M2: E-Bike_Bremsaufnahme_gebohrt -> E-Bike_Rahmen_nachbearbeitet, setup time: 20
2025-03-13 17:24:27,172 - JSPGymEnvironment - INFO - Executed operation: Job J6, Op 4, Machine M2, Start: 1052.0, End: 1081.0, Setup: 20
2025-03-13 17:24:27,179 - JSPGymEnvironment - INFO - Material change on machine M2: E-Bike_Rahmen_nachbearbeitet -> Racebike_Schaltauge_bearbeitet, setup time: 20
2025-03-13 17:24:27,179 - JSPGymEnvironment - INFO - Executed operation: Job J3, Op 1, Machine M2, Start: 1101.0, End: 1125.0, Setup: 20
2025-03-13 17:24:27,182 - JSPGymEnvironment - INFO - Material change on machine M2: Racebike_Schaltauge_bearbeitet -> Mountainbike_Schaltauge_bearbeitet, setup time: 20
2025-03-13 17:24:27,182 - JSPGymEnvironment - INFO - Executed operation: Job J7, Op 1, Machine M2, Start: 1145.0, End: 1169.0, Setup: 20
2025-03-13 17:24:27,186 - JSPGymEnvironment - INFO - Material change on machine M3: Racebike_Bremsen_justiert -> Racebike_Antrieb_installiert, setup time: 15
2025-03-13 17:24:27,186 - JSPGymEnvironment - INFO - Executed operation: Job J3, Op 2, Machine M3, Start: 1184.0, End: 1230.0, Setup: 15
2025-03-13 17:24:27,189 - JSPGymEnvironment - INFO - Executed operation: Job J5, Op 1, Machine M2, Start: 1245.0, End: 1274.0, Setup: 15
2025-03-13 17:24:27,196 - JSPGymEnvironment - INFO - Material change on machine M2: Mountainbike_Schaltauge_bearbeitet -> Racebike_Rahmen_nachbearbeitet, setup time: 20
2025-03-13 17:24:27,196 - JSPGymEnvironment - INFO - Executed operation: Job J10, Op 4, Machine M2, Start: 1294.0, End: 1307.0, Setup: 20
2025-03-13 17:24:27,202 - JSPGymEnvironment - INFO - Material change on machine M3: Racebike_Antrieb_installiert -> E-Bike_Fahrrad_endmontiert, setup time: 15
2025-03-13 17:24:27,202 - JSPGymEnvironment - INFO - Executed operation: Job J6, Op 5, Machine M3, Start: 1322.0, End: 1377.0, Setup: 15
2025-03-13 17:24:27,202 - JSPGymEnvironment - INFO - Job J6 completed at time 1377.0, deadline: 2880, met: True, priority: 7
2025-03-13 17:24:27,209 - JSPGymEnvironment - INFO - Material change on machine M2: Racebike_Rahmen_nachbearbeitet -> Racebike_Schaltauge_bearbeitet, setup time: 20
2025-03-13 17:24:27,209 - JSPGymEnvironment - INFO - Executed operation: Job J2, Op 1, Machine M2, Start: 1397.0, End: 1410.0, Setup: 20
2025-03-13 17:24:27,215 - JSPGymEnvironment - INFO - Material change on machine M3: E-Bike_Fahrrad_endmontiert -> Racebike_Antrieb_installiert, setup time: 15
2025-03-13 17:24:27,215 - JSPGymEnvironment - INFO - Executed operation: Job J2, Op 2, Machine M3, Start: 1425.0, End: 1455.0, Setup: 15
2025-03-13 17:24:27,219 - JSPGymEnvironment - INFO - Material change on machine M3: Racebike_Antrieb_installiert -> Mountainbike_Antrieb_installiert, setup time: 15
2025-03-13 17:24:27,219 - JSPGymEnvironment - INFO - Executed operation: Job J5, Op 2, Machine M3, Start: 1470.0, End: 1490.0, Setup: 15
2025-03-13 17:24:27,225 - JSPGymEnvironment - INFO - Material change on machine M1: Racebike_Hauptrahmen_zugeschnitten -> Mountainbike_Hauptrahmen_zugeschnitten, setup time: 40
2025-03-13 17:24:27,225 - JSPGymEnvironment - INFO - Executed operation: Job J9, Op 0, Machine M1, Start: 1530.0, End: 1571.0, Setup: 40
2025-03-13 17:24:27,232 - JSPGymEnvironment - INFO - Material change on machine M3: Mountainbike_Antrieb_installiert -> Racebike_Fahrrad_endmontiert, setup time: 15
2025-03-13 17:24:27,232 - JSPGymEnvironment - INFO - Executed operation: Job J10, Op 5, Machine M3, Start: 1586.0, End: 1616.0, Setup: 15
2025-03-13 17:24:27,238 - JSPGymEnvironment - INFO - Material change on machine M2: Racebike_Schaltauge_bearbeitet -> Racebike_Rahmen_nachbearbeitet, setup time: 20
2025-03-13 17:24:27,238 - JSPGymEnvironment - INFO - Executed operation: Job J10, Op 6, Machine M2, Start: 1636.0, End: 1662.0, Setup: 20
2025-03-13 17:24:27,245 - JSPGymEnvironment - INFO - Material change on machine M3: Racebike_Fahrrad_endmontiert -> Mountainbike_Bremsen_justiert, setup time: 15
2025-03-13 17:24:27,245 - JSPGymEnvironment - INFO - Executed operation: Job J5, Op 3, Machine M3, Start: 1677.0, End: 1733.0, Setup: 15
2025-03-13 17:24:27,251 - JSPGymEnvironment - INFO - Material change on machine M3: Mountainbike_Bremsen_justiert -> Racebike_Fahrrad_endmontiert, setup time: 15
2025-03-13 17:24:27,251 - JSPGymEnvironment - INFO - Executed operation: Job J10, Op 7, Machine M3, Start: 1748.0, End: 1772.0, Setup: 15
2025-03-13 17:24:27,251 - JSPGymEnvironment - INFO - Job J10 completed at time 1772.0, deadline: 2846, met: True, priority: 8
2025-03-13 17:24:27,255 - JSPGymEnvironment - INFO - Material change on machine M2: Racebike_Rahmen_nachbearbeitet -> Mountainbike_Rahmen_nachbearbeitet, setup time: 20
2025-03-13 17:24:27,255 - JSPGymEnvironment - INFO - Executed operation: Job J5, Op 4, Machine M2, Start: 1792.0, End: 1802.0, Setup: 20
2025-03-13 17:24:27,258 - JSPGymEnvironment - INFO - Material change on machine M3: Racebike_Fahrrad_endmontiert -> Racebike_Bremsen_justiert, setup time: 15
2025-03-13 17:24:27,258 - JSPGymEnvironment - INFO - Executed operation: Job J3, Op 3, Machine M3, Start: 1817.0, End: 1867.0, Setup: 15
2025-03-13 17:24:27,265 - JSPGymEnvironment - INFO - Executed operation: Job J5, Op 5, Machine M2, Start: 1882.0, End: 1895.0, Setup: 15
2025-03-13 17:24:27,271 - JSPGymEnvironment - INFO - Material change on machine M1: Mountainbike_Hauptrahmen_zugeschnitten -> Citybike_Hauptrahmen_zugeschnitten, setup time: 40
2025-03-13 17:24:27,271 - JSPGymEnvironment - INFO - Executed operation: Job J4, Op 0, Machine M1, Start: 1935.0, End: 1972.0, Setup: 40
2025-03-13 17:24:27,278 - JSPGymEnvironment - INFO - Material change on machine M3: Racebike_Bremsen_justiert -> Mountainbike_Fahrrad_endmontiert, setup time: 15
2025-03-13 17:24:27,278 - JSPGymEnvironment - INFO - Executed operation: Job J5, Op 6, Machine M3, Start: 1987.0, End: 2017.0, Setup: 15
2025-03-13 17:24:27,278 - JSPGymEnvironment - INFO - Job J5 completed at time 2017.0, deadline: 2880, met: True, priority: 6
2025-03-13 17:24:27,281 - JSPGymEnvironment - INFO - Material change on machine M2: Mountainbike_Rahmen_nachbearbeitet -> Racebike_Fahrrad_endmontiert, setup time: 20
2025-03-13 17:24:27,281 - JSPGymEnvironment - INFO - Executed operation: Job J3, Op 4, Machine M2, Start: 2037.0, End: 2052.0, Setup: 20
2025-03-13 17:24:27,281 - JSPGymEnvironment - INFO - Job J3 completed at time 2052.0, deadline: 2697, met: True, priority: 8
2025-03-13 17:24:27,288 - JSPGymEnvironment - INFO - Material change on machine M2: Racebike_Fahrrad_endmontiert -> Citybike_Schaltauge_bearbeitet, setup time: 20
2025-03-13 17:24:27,288 - JSPGymEnvironment - INFO - Executed operation: Job J4, Op 1, Machine M2, Start: 2072.0, End: 2092.0, Setup: 20
2025-03-13 17:24:27,294 - JSPGymEnvironment - INFO - Material change on machine M2: Citybike_Schaltauge_bearbeitet -> Mountainbike_Schaltauge_bearbeitet, setup time: 20
2025-03-13 17:24:27,294 - JSPGymEnvironment - INFO - Executed operation: Job J9, Op 1, Machine M2, Start: 2112.0, End: 2126.0, Setup: 20
2025-03-13 17:24:27,300 - JSPGymEnvironment - INFO - Material change on machine M2: Mountainbike_Schaltauge_bearbeitet -> Racebike_Bremsaufnahme_gebohrt, setup time: 20
2025-03-13 17:24:27,300 - JSPGymEnvironment - INFO - Executed operation: Job J2, Op 3, Machine M2, Start: 2146.0, End: 2161.0, Setup: 20
2025-03-13 17:24:27,304 - JSPGymEnvironment - INFO - Material change on machine M2: Racebike_Bremsaufnahme_gebohrt -> Racebike_Rahmen_nachbearbeitet, setup time: 20
2025-03-13 17:24:27,304 - JSPGymEnvironment - INFO - Executed operation: Job J2, Op 4, Machine M2, Start: 2181.0, End: 2195.0, Setup: 20
2025-03-13 17:24:27,307 - JSPGymEnvironment - INFO - Material change on machine M3: Mountainbike_Fahrrad_endmontiert -> Mountainbike_Antrieb_installiert, setup time: 15
2025-03-13 17:24:27,307 - JSPGymEnvironment - INFO - Executed operation: Job J7, Op 2, Machine M3, Start: 2210.0, End: 2231.0, Setup: 15
2025-03-13 17:24:27,313 - JSPGymEnvironment - INFO - Material change on machine M3: Mountainbike_Antrieb_installiert -> Racebike_Fahrrad_endmontiert, setup time: 15
2025-03-13 17:24:27,313 - JSPGymEnvironment - INFO - Executed operation: Job J2, Op 5, Machine M3, Start: 2246.0, End: 2281.0, Setup: 15
2025-03-13 17:24:27,316 - JSPGymEnvironment - INFO - Material change on machine M2: Racebike_Rahmen_nachbearbeitet -> Citybike_Schaltauge_bearbeitet, setup time: 20
2025-03-13 17:24:27,316 - JSPGymEnvironment - INFO - Executed operation: Job J1, Op 1, Machine M2, Start: 2301.0, End: 2327.0, Setup: 20
2025-03-13 17:24:27,322 - JSPGymEnvironment - INFO - Material change on machine M2: Citybike_Schaltauge_bearbeitet -> Racebike_Rahmen_nachbearbeitet, setup time: 20
2025-03-13 17:24:27,322 - JSPGymEnvironment - INFO - Executed operation: Job J2, Op 6, Machine M2, Start: 2347.0, End: 2373.0, Setup: 20
2025-03-13 17:24:27,325 - JSPGymEnvironment - INFO - Executed operation: Job J2, Op 7, Machine M3, Start: 2383.0, End: 2425.0, Setup: 10
2025-03-13 17:24:27,325 - JSPGymEnvironment - INFO - Job J2 completed at time 2425.0, deadline: 2880, met: True, priority: 8
2025-03-13 17:24:27,328 - JSPGymEnvironment - INFO - Material change on machine M2: Racebike_Rahmen_nachbearbeitet -> Mountainbike_Bremsaufnahme_gebohrt, setup time: 20
2025-03-13 17:24:27,328 - JSPGymEnvironment - INFO - Executed operation: Job J7, Op 3, Machine M2, Start: 2445.0, End: 2461.0, Setup: 20
2025-03-13 17:24:27,335 - JSPGymEnvironment - INFO - Material change on machine M3: Racebike_Fahrrad_endmontiert -> Citybike_Antrieb_installiert, setup time: 15
2025-03-13 17:24:27,335 - JSPGymEnvironment - INFO - Executed operation: Job J1, Op 2, Machine M3, Start: 2476.0, End: 2503.0, Setup: 15
2025-03-13 17:24:27,341 - JSPGymEnvironment - INFO - Material change on machine M3: Citybike_Antrieb_installiert -> Citybike_Bremsen_justiert, setup time: 15
2025-03-13 17:24:27,341 - JSPGymEnvironment - INFO - Executed operation: Job J1, Op 3, Machine M3, Start: 2518.0, End: 2543.0, Setup: 15
2025-03-13 17:24:27,347 - JSPGymEnvironment - INFO - Material change on machine M2: Mountainbike_Bremsaufnahme_gebohrt -> Mountainbike_Fahrrad_endmontiert, setup time: 20
2025-03-13 17:24:27,347 - JSPGymEnvironment - INFO - Executed operation: Job J7, Op 4, Machine M2, Start: 2563.0, End: 2588.0, Setup: 20
2025-03-13 17:24:27,347 - JSPGymEnvironment - INFO - Job J7 completed at time 2588.0, deadline: 2339, met: False, priority: 7
2025-03-13 17:24:27,351 - JSPGymEnvironment - INFO - Material change on machine M3: Citybike_Bremsen_justiert -> Citybike_Fahrrad_endmontiert, setup time: 15
2025-03-13 17:24:27,351 - JSPGymEnvironment - INFO - Executed operation: Job J1, Op 4, Machine M3, Start: 2603.0, End: 2658.0, Setup: 15
2025-03-13 17:24:27,354 - JSPGymEnvironment - INFO - Executed operation: Job J1, Op 5, Machine M3, Start: 2668.0, End: 2726.0, Setup: 10
2025-03-13 17:24:27,360 - JSPGymEnvironment - INFO - Material change on machine M2: Mountainbike_Fahrrad_endmontiert -> Citybike_Rahmen_nachbearbeitet, setup time: 20
2025-03-13 17:24:27,360 - JSPGymEnvironment - INFO - Executed operation: Job J1, Op 6, Machine M2, Start: 2746.0, End: 2766.0, Setup: 20
2025-03-13 17:24:27,366 - JSPGymEnvironment - INFO - Executed operation: Job J1, Op 7, Machine M3, Start: 2776.0, End: 2819.0, Setup: 10
2025-03-13 17:24:27,366 - JSPGymEnvironment - INFO - Job J1 completed at time 2819.0, deadline: 2880, met: True, priority: 3
2025-03-13 17:24:27,369 - JSPGymEnvironment - INFO - Material change on machine M3: Citybike_Fahrrad_endmontiert -> Mountainbike_Antrieb_installiert, setup time: 15
2025-03-13 17:24:27,369 - JSPGymEnvironment - INFO - Executed operation: Job J9, Op 2, Machine M3, Start: 2834.0, End: 2893.0, Setup: 15
2025-03-13 17:24:27,376 - JSPGymEnvironment - INFO - Material change on machine M3: Mountainbike_Antrieb_installiert -> Citybike_Antrieb_installiert, setup time: 15
2025-03-13 17:24:27,376 - JSPGymEnvironment - INFO - Executed operation: Job J4, Op 2, Machine M3, Start: 2908.0, End: 2959.0, Setup: 15
2025-03-13 17:24:27,382 - JSPGymEnvironment - INFO - Material change on machine M3: Citybike_Antrieb_installiert -> Mountainbike_Bremsen_justiert, setup time: 15
2025-03-13 17:24:27,382 - JSPGymEnvironment - INFO - Executed operation: Job J9, Op 3, Machine M3, Start: 2974.0, End: 3014.0, Setup: 15
2025-03-13 17:24:27,388 - JSPGymEnvironment - INFO - Material change on machine M2: Citybike_Rahmen_nachbearbeitet -> Citybike_Bremsaufnahme_gebohrt, setup time: 20
2025-03-13 17:24:27,388 - JSPGymEnvironment - INFO - Executed operation: Job J4, Op 3, Machine M2, Start: 3034.0, End: 3053.0, Setup: 20
2025-03-13 17:24:27,391 - JSPGymEnvironment - INFO - Material change on machine M3: Mountainbike_Bremsen_justiert -> Mountainbike_Fahrrad_endmontiert, setup time: 15
2025-03-13 17:24:27,391 - JSPGymEnvironment - INFO - Executed operation: Job J9, Op 4, Machine M3, Start: 3068.0, End: 3108.0, Setup: 15
2025-03-13 17:24:27,398 - JSPGymEnvironment - INFO - Material change on machine M2: Citybike_Bremsaufnahme_gebohrt -> Mountainbike_Fahrrad_endmontiert, setup time: 20
2025-03-13 17:24:27,398 - JSPGymEnvironment - INFO - Executed operation: Job J9, Op 5, Machine M2, Start: 3128.0, End: 3139.0, Setup: 20
2025-03-13 17:24:27,398 - JSPGymEnvironment - INFO - Job J9 completed at time 3139.0, deadline: 2880, met: False, priority: 4
2025-03-13 17:24:27,401 - JSPGymEnvironment - INFO - Material change on machine M3: Mountainbike_Fahrrad_endmontiert -> Citybike_Fahrrad_endmontiert, setup time: 15
2025-03-13 17:24:27,401 - JSPGymEnvironment - INFO - Executed operation: Job J4, Op 4, Machine M3, Start: 3154.0, End: 3206.0, Setup: 15
2025-03-13 17:24:27,401 - JSPGymEnvironment - INFO - Job J4 completed at time 3206.0, deadline: 2880, met: False, priority: 2
